<?xml version="1.0" encoding="UTF-8"?>
<!-- Generated by org.testng.reporters.JUnitReportReporter -->
<testsuite skipped="0" hostname="LAPTOP-UK7PKGHG" name="basicJava.Office" tests="2" failures="0" timestamp="2021-01-08T13:32:09 IST" time="0.006" errors="0">
  <testcase name="a1" time="0.006" classname="basicJava.Office"/>
  <system-out/>
  <testcase name="f" time="0.000" classname="basicJava.Office"/>
  <system-out/>
</testsuite> <!-- basicJava.Office -->
