<?xml version="1.0" encoding="UTF-8"?>
<!-- Generated by org.testng.reporters.JUnitReportReporter -->
<testsuite hostname="LAPTOP-UK7PKGHG" name="jenkinDemo.TestNGAttribute3" tests="2" failures="0" timestamp="3 Apr 2021 17:38:52 GMT" time="0.021" errors="0">
  <testcase name="tc_01_VerifyDashboardPage" time="0.000" classname="jenkinDemo.TestNGAttribute3"/>
  <testcase name="tc01_checktitle" time="0.021" classname="jenkinDemo.TestNGAttribute3"/>
</testsuite> <!-- jenkinDemo.TestNGAttribute3 -->
