<?xml version="1.0" encoding="UTF-8"?>
<!-- Generated by org.testng.reporters.JUnitReportReporter -->
<testsuite hostname="LAPTOP-UK7PKGHG" name="testNGReport.TestNGReport1" tests="3" failures="0" timestamp="3 Apr 2021 17:38:10 GMT" time="0.010" errors="0">
  <testcase name="tc02_two" time="0.000" classname="testNGReport.TestNGReport1"/>
  <testcase name="tc01_one" time="0.010" classname="testNGReport.TestNGReport1"/>
  <testcase name="tc03_three" time="0.000" classname="testNGReport.TestNGReport1"/>
</testsuite> <!-- testNGReport.TestNGReport1 -->
