<?xml version="1.0" encoding="UTF-8"?>
<!-- Generated by org.testng.reporters.JUnitReportReporter -->
<testsuite skipped="0" hostname="LAPTOP-UK7PKGHG" name="testNGAttributes.Dependon4" tests="3" failures="0" timestamp="2021-03-20T10:48:05 IST" time="18.536" errors="0">
  <testcase name="TC0_PreLogin" time="0.003" classname="testNGAttributes.Dependon4"/>
  <system-out/>
  <testcase name="TC01_Login" time="18.528" classname="testNGAttributes.Dependon4"/>
  <system-out/>
  <testcase name="TC02_buymobile" time="0.005" classname="testNGAttributes.Dependon4"/>
  <system-out/>
</testsuite> <!-- testNGAttributes.Dependon4 -->
