<?xml version="1.0" encoding="UTF-8"?>
<!-- Generated by org.testng.reporters.JUnitReportReporter -->
<testsuite skipped="0" hostname="LAPTOP-UK7PKGHG" name="testngAssert.AssertDemo2" tests="2" failures="0" timestamp="2021-03-20T11:59:45 IST" time="11.991" errors="0">
  <testcase name="test2" time="0.026" classname="testngAssert.AssertDemo2"/>
  <system-out/>
  <testcase name="verifyfacebookTitle" time="11.965" classname="testngAssert.AssertDemo2"/>
  <system-out/>
</testsuite> <!-- testngAssert.AssertDemo2 -->
