<?xml version="1.0" encoding="UTF-8"?>
<!-- Generated by org.testng.reporters.JUnitReportReporter -->
<testsuite skipped="0" hostname="LAPTOP-UK7PKGHG" name="testNGReport.TestNGReport2" tests="3" failures="0" timestamp="2021-03-20T11:16:30 IST" time="0.060" errors="0">
  <testcase name="testtc03_three" time="0.004" classname="testNGReport.TestNGReport2"/>
  <system-out/>
  <testcase name="testtc02_two" time="0.004" classname="testNGReport.TestNGReport2"/>
  <system-out/>
  <testcase name="testtc01_one" time="0.052" classname="testNGReport.TestNGReport2"/>
  <system-out/>
</testsuite> <!-- testNGReport.TestNGReport2 -->
