<?xml version="1.0" encoding="UTF-8"?>
<!-- Generated by org.testng.reporters.JUnitReportReporter -->
<testsuite skipped="1" hostname="LAPTOP-UK7PKGHG" name="testNGAttributes.SkipTest2" tests="2" failures="0" timestamp="2021-03-20T10:56:00 IST" time="0.044" errors="0">
  <testcase name="tc02_two" time="0.005" classname="testNGAttributes.SkipTest2">
    <skipped/>
  </testcase> <!-- tc02_two -->
  <system-out/>
  <testcase name="tc01_one" time="0.039" classname="testNGAttributes.SkipTest2"/>
  <system-out/>
</testsuite> <!-- testNGAttributes.SkipTest2 -->
