<?xml version="1.0" encoding="UTF-8"?>
<!-- Generated by org.testng.reporters.JUnitReportReporter -->
<testsuite skipped="0" hostname="LAPTOP-UK7PKGHG" name="testNGAttributes.TestNGAttribute4" tests="3" failures="0" timestamp="2021-03-14T11:33:49 IST" time="0.030" errors="0">
  <testcase name="verifyLogin" time="0.023" classname="testNGAttributes.TestNGAttribute4"/>
  <system-out/>
  <testcase name="verifyHomePage" time="0.004" classname="testNGAttributes.TestNGAttribute4"/>
  <system-out/>
  <testcase name="verifyActionsHomepage" time="0.003" classname="testNGAttributes.TestNGAttribute4"/>
  <system-out/>
</testsuite> <!-- testNGAttributes.TestNGAttribute4 -->
