<?xml version="1.0" encoding="UTF-8"?>
<!-- Generated by org.testng.reporters.JUnitReportReporter -->
<testsuite skipped="0" hostname="LAPTOP-UK7PKGHG" name="testNGDemoAnnotations.FirstTestCase4" tests="2" failures="0" timestamp="2021-03-20T10:59:50 IST" time="0.035" errors="0">
  <testcase name="TC01_verifyDragAndDrop" time="0.022" classname="testNGDemoAnnotations.FirstTestCase4"/>
  <system-out/>
  <testcase name="TC02_verifyDragAndDrop" time="0.013" classname="testNGDemoAnnotations.FirstTestCase4"/>
  <system-out/>
</testsuite> <!-- testNGDemoAnnotations.FirstTestCase4 -->
