<?xml version="1.0" encoding="UTF-8"?>
<!-- Generated by org.testng.reporters.JUnitReportReporter -->
<testsuite hostname="LAPTOP-UK7PKGHG" name="jenkinDemo.TestNGAttribute2" tests="2" failures="0" timestamp="3 Apr 2021 17:38:52 GMT" time="0.000" errors="0">
  <testcase name="tc_01_VerifyHomePage" time="0.000" classname="jenkinDemo.TestNGAttribute2"/>
  <testcase name="tc01_checktitle" time="0.000" classname="jenkinDemo.TestNGAttribute2"/>
</testsuite> <!-- jenkinDemo.TestNGAttribute2 -->
