<?xml version="1.0" encoding="UTF-8"?>
<!-- Generated by org.testng.reporters.JUnitReportReporter -->
<testsuite skipped="0" hostname="LAPTOP-UK7PKGHG" name="testNGDemo.FirstTestCase5" tests="2" failures="0" timestamp="2021-03-14T11:15:59 IST" time="0.024" errors="0">
  <testcase name="TC01_verifyDragAndDrop" time="0.019" classname="testNGDemo.FirstTestCase5"/>
  <system-out/>
  <testcase name="TC02_verifyDragAndDrop" time="0.005" classname="testNGDemo.FirstTestCase5"/>
  <system-out/>
</testsuite> <!-- testNGDemo.FirstTestCase5 -->
