<?xml version="1.0" encoding="UTF-8"?>
<!-- Generated by org.testng.reporters.JUnitReportReporter -->
<testsuite skipped="0" hostname="LAPTOP-UK7PKGHG" name="testNGAttributes.TestNGAttribute7" tests="3" failures="0" timestamp="2021-03-14T12:09:03 IST" time="0.034" errors="0">
  <testcase name="verifyHomePage" time="0.026" classname="testNGAttributes.TestNGAttribute7"/>
  <system-out/>
  <testcase name="verifyLogin" time="0.005" classname="testNGAttributes.TestNGAttribute7"/>
  <system-out/>
  <testcase name="verifyActionsHomepage" time="0.003" classname="testNGAttributes.TestNGAttribute7"/>
  <system-out/>
</testsuite> <!-- testNGAttributes.TestNGAttribute7 -->
