<?xml version="1.0" encoding="UTF-8"?>
<!-- Generated by org.testng.reporters.JUnitReportReporter -->
<testsuite skipped="0" hostname="LAPTOP-UK7PKGHG" name="testNGDemo.FirstTestCase4" tests="2" failures="0" timestamp="2021-03-14T11:12:07 IST" time="0.025" errors="0">
  <testcase name="TC01_verifyDragAndDrop" time="0.019" classname="testNGDemo.FirstTestCase4"/>
  <system-out/>
  <testcase name="TC02_verifyDragAndDrop" time="0.006" classname="testNGDemo.FirstTestCase4"/>
  <system-out/>
</testsuite> <!-- testNGDemo.FirstTestCase4 -->
