<?xml version="1.0" encoding="UTF-8"?>
<!-- Generated by org.testng.reporters.JUnitReportReporter -->
<testsuite skipped="0" hostname="LAPTOP-UK7PKGHG" name="testNGAttributes.TestNGAttribute5" tests="3" failures="0" timestamp="2021-03-14T12:01:29 IST" time="0.042" errors="0">
  <testcase name="verifyHomePage" time="0.007" classname="testNGAttributes.TestNGAttribute5"/>
  <system-out/>
  <testcase name="verifyActionsHomepage" time="0.027" classname="testNGAttributes.TestNGAttribute5"/>
  <system-out/>
  <testcase name="verifyLogin" time="0.008" classname="testNGAttributes.TestNGAttribute5"/>
  <system-out/>
</testsuite> <!-- testNGAttributes.TestNGAttribute5 -->
