<?xml version="1.0" encoding="UTF-8"?>
<!-- Generated by org.testng.reporters.JUnitReportReporter -->
<testsuite skipped="0" hostname="LAPTOP-UK7PKGHG" name="testngListerner.TestNGListen" tests="1" failures="0" timestamp="2021-03-21T11:04:10 IST" time="0.033" errors="0">
  <testcase name="tc_01_VerifyHomePage" time="0.033" classname="testngListerner.TestNGListen"/>
  <system-out/>
</testsuite> <!-- testngListerner.TestNGListen -->
