<?xml version="1.0" encoding="UTF-8"?>
<!-- Generated by org.testng.reporters.JUnitReportReporter -->
<testsuite skipped="0" hostname="LAPTOP-UK7PKGHG" name="testNGReport.ParallelExecution" tests="3" failures="0" timestamp="2021-03-21T11:38:44 IST" time="80.711" errors="0">
  <testcase name="one" time="22.136" classname="testNGReport.ParallelExecution"/>
  <system-out/>
  <testcase name="three" time="30.697" classname="testNGReport.ParallelExecution"/>
  <system-out/>
  <testcase name="two" time="27.878" classname="testNGReport.ParallelExecution"/>
  <system-out/>
</testsuite> <!-- testNGReport.ParallelExecution -->
