<?xml version="1.0" encoding="UTF-8"?>
<!-- Generated by org.testng.reporters.JUnitReportReporter -->
<testsuite skipped="0" hostname="LAPTOP-UK7PKGHG" name="testNGAttributes.TestNGAttribute3" tests="3" failures="0" timestamp="2021-03-14T11:30:02 IST" time="0.043" errors="0">
  <testcase name="verifyActionsHomepage" time="0.037" classname="testNGAttributes.TestNGAttribute3"/>
  <system-out/>
  <testcase name="verifyHomePage" time="0.003" classname="testNGAttributes.TestNGAttribute3"/>
  <system-out/>
  <testcase name="verifyLogin" time="0.003" classname="testNGAttributes.TestNGAttribute3"/>
  <system-out/>
</testsuite> <!-- testNGAttributes.TestNGAttribute3 -->
