<?xml version="1.0" encoding="UTF-8"?>
<!-- Generated by org.testng.reporters.JUnitReportReporter -->
<testsuite skipped="0" hostname="LAPTOP-UK7PKGHG" name="testNGDemo.FirstTestCase3" tests="2" failures="0" timestamp="2021-03-14T11:04:41 IST" time="0.032" errors="0">
  <testcase name="TC01_verifyDragAndDrop" time="0.018" classname="testNGDemo.FirstTestCase3"/>
  <system-out/>
  <testcase name="TC02_verifyDragAndDrop" time="0.014" classname="testNGDemo.FirstTestCase3"/>
  <system-out/>
</testsuite> <!-- testNGDemo.FirstTestCase3 -->
