<?xml version="1.0" encoding="UTF-8"?>
<!-- Generated by org.testng.reporters.JUnitReportReporter -->
<testsuite skipped="0" hostname="LAPTOP-UK7PKGHG" name="facebookTestCases.TestFacebookLoginPage" tests="2" failures="0" timestamp="2021-03-20T13:08:49 IST" time="29.094" errors="0">
  <testcase name="tco1_LoginFacebook" time="13.341" classname="facebookTestCases.TestFacebookLoginPage"/>
  <system-out/>
  <testcase name="tco1_SignUFacebook" time="15.753" classname="facebookTestCases.TestFacebookLoginPage"/>
  <system-out/>
</testsuite> <!-- facebookTestCases.TestFacebookLoginPage -->
