<?xml version="1.0" encoding="UTF-8"?>
<!-- Generated by org.testng.reporters.JUnitReportReporter -->
<testsuite skipped="0" hostname="LAPTOP-UK7PKGHG" name="testNGDemo.FirstTestCase" tests="1" failures="0" timestamp="2021-03-13T12:00:32 IST" time="14.081" errors="0">
  <testcase name="TC01_verifyDragAndDrop" time="14.081" classname="testNGDemo.FirstTestCase"/>
  <system-out/>
</testsuite> <!-- testNGDemo.FirstTestCase -->
