<?xml version="1.0" encoding="UTF-8"?>
<!-- Generated by org.testng.reporters.JUnitReportReporter -->
<testsuite skipped="0" hostname="LAPTOP-UK7PKGHG" name="testNGAttributes.FirstTestCase" tests="1" failures="0" timestamp="2021-03-14T12:10:50 IST" time="25.515" errors="0">
  <testcase name="TC01_verifyDragAndDrop" time="25.515" classname="testNGAttributes.FirstTestCase"/>
  <system-out/>
</testsuite> <!-- testNGAttributes.FirstTestCase -->
