<?xml version="1.0" encoding="UTF-8"?>
<!-- Generated by org.testng.reporters.JUnitReportReporter -->
<testsuite skipped="0" hostname="LAPTOP-UK7PKGHG" name="testNGReport.TestNGReport3" tests="1" failures="0" timestamp="2021-03-20T11:20:33 IST" time="14.359" errors="0">
  <testcase name="TC01_LoginWrong" time="14.359" classname="testNGReport.TestNGReport3"/>
  <system-out/>
</testsuite> <!-- testNGReport.TestNGReport3 -->
