<?xml version="1.0" encoding="UTF-8"?>
<!-- Generated by org.testng.reporters.JUnitReportReporter -->
<testsuite skipped="0" hostname="LAPTOP-UK7PKGHG" name="testNGAttributes.TestNGAttribute6" tests="3" failures="0" timestamp="2021-03-14T12:08:39 IST" time="0.042" errors="0">
  <testcase name="verifyLogin" time="0.030" classname="testNGAttributes.TestNGAttribute6"/>
  <system-out/>
  <testcase name="verifyActionsHomepage" time="0.003" classname="testNGAttributes.TestNGAttribute6"/>
  <system-out/>
  <testcase name="verifyHomePage" time="0.009" classname="testNGAttributes.TestNGAttribute6"/>
  <system-out/>
</testsuite> <!-- testNGAttributes.TestNGAttribute6 -->
