<?xml version="1.0" encoding="UTF-8"?>
<!-- Generated by org.testng.reporters.JUnitReportReporter -->
<testsuite skipped="1" hostname="LAPTOP-UK7PKGHG" name="testNGAttributes.SkipTest" tests="2" failures="0" timestamp="2021-03-20T10:53:01 IST" time="0.031" errors="0">
  <testcase name="tc01_one" time="0.031" classname="testNGAttributes.SkipTest"/>
  <system-out/>
  <testcase name="tc02_two" classname="testNGAttributes.SkipTest">
    <skipped/>
  </testcase> <!-- tc02_two -->
  <system-out/>
</testsuite> <!-- testNGAttributes.SkipTest -->
