<?xml version="1.0" encoding="UTF-8"?>
<!-- Generated by org.testng.reporters.JUnitReportReporter -->
<testsuite skipped="0" hostname="LAPTOP-UK7PKGHG" name="testNGAttributes.TestNGAttribute1" tests="1" failures="0" timestamp="2021-03-14T11:25:45 IST" time="0.027" errors="0">
  <testcase name="tc_01_VerifyHomePage" time="0.027" classname="testNGAttributes.TestNGAttribute1"/>
  <system-out/>
</testsuite> <!-- testNGAttributes.TestNGAttribute1 -->
